<?xml version="1.0" encoding="UTF-8" standalone="yes"?><!DOCTYPE report PUBLIC "-//JACOCO//DTD Report 1.1//EN" "report.dtd"><report name="MavenDemo4-Junit"><sessioninfo id="LAPTOP-L6QLMH8S-6b4a3514" start="1762587216210" dump="1762587217586"/><sessioninfo id="LAPTOP-L6QLMH8S-7b53c668" start="1762587253464" dump="1762587254579"/><package name=""><class name="ArthOps" sourcefilename="ArthOps.java"><method name="&lt;init&gt;" desc="()V" line="2"><counter type="INSTRUCTION" missed="0" covered="3"/><counter type="LINE" missed="0" covered="1"/><counter type="COMPLEXITY" missed="0" covered="1"/><counter type="METHOD" missed="0" covered="1"/></method><method name="add" desc="(II)I" line="6"><counter type="INSTRUCTION" missed="0" covered="4"/><counter type="LINE" missed="0" covered="1"/><counter type="COMPLEXITY" missed="0" covered="1"/><counter type="METHOD" missed="0" covered="1"/></method><method name="multiply" desc="(II)I" line="10"><counter type="INSTRUCTION" missed="0" covered="4"/><counter type="LINE" missed="0" covered="1"/><counter type="COMPLEXITY" missed="0" covered="1"/><counter type="METHOD" missed="0" covered="1"/></method><method name="validateName" desc="(Ljava/lang/String;)Z" line="15"><counter type="INSTRUCTION" missed="2" covered="9"/><counter type="BRANCH" missed="2" covered="2"/><counter type="LINE" missed="1" covered="2"/><counter type="COMPLEXITY" missed="2" covered="1"/><counter type="METHOD" missed="0" covered="1"/></method><counter type="INSTRUCTION" missed="2" covered="20"/><counter type="BRANCH" missed="2" covered="2"/><counter type="LINE" missed="1" covered="5"/><counter type="COMPLEXITY" missed="2" covered="4"/><counter type="METHOD" missed="0" covered="4"/><counter type="CLASS" missed="0" covered="1"/></class><sourcefile name="ArthOps.java"><line nr="2" mi="0" ci="3" mb="0" cb="0"/><line nr="6" mi="0" ci="4" mb="0" cb="0"/><line nr="10" mi="0" ci="4" mb="0" cb="0"/><line nr="15" mi="0" ci="7" mb="2" cb="2"/><line nr="16" mi="0" ci="2" mb="0" cb="0"/><line nr="19" mi="2" ci="0" mb="0" cb="0"/><counter type="INSTRUCTION" missed="2" covered="20"/><counter type="BRANCH" missed="2" covered="2"/><counter type="LINE" missed="1" covered="5"/><counter type="COMPLEXITY" missed="2" covered="4"/><counter type="METHOD" missed="0" covered="4"/><counter type="CLASS" missed="0" covered="1"/></sourcefile><counter type="INSTRUCTION" missed="2" covered="20"/><counter type="BRANCH" missed="2" covered="2"/><counter type="LINE" missed="1" covered="5"/><counter type="COMPLEXITY" missed="2" covered="4"/><counter type="METHOD" missed="0" covered="4"/><counter type="CLASS" missed="0" covered="1"/></package><counter type="INSTRUCTION" missed="2" covered="20"/><counter type="BRANCH" missed="2" covered="2"/><counter type="LINE" missed="1" covered="5"/><counter type="COMPLEXITY" missed="2" covered="4"/><counter type="METHOD" missed="0" covered="4"/><counter type="CLASS" missed="0" covered="1"/></report>